        -:    0:Source:dominion.c
        -:    0:Graph:dominion.gcno
        -:    0:Data:dominion.gcda
        -:    0:Runs:1
        -:    0:Programs:1
        -:    1:#include "dominion.h"
        -:    2:#include "dominion_helpers.h"
        -:    3:#include "rngs.h"
        -:    4:#include <stdio.h>
        -:    5:#include <math.h>
        -:    6:#include <stdlib.h>
        -:    7:
function compare called 37605 returned 100% blocks executed 83%
    37605:    8:int compare(const void* a, const void* b) {
    37605:    9:    if (*(int*)a > *(int*)b)
branch  0 taken 0% (fallthrough)
branch  1 taken 100%
    #####:   10:        return 1;
    37605:   11:    if (*(int*)a < *(int*)b)
branch  0 taken 27% (fallthrough)
branch  1 taken 73%
    10028:   12:        return -1;
    27577:   13:    return 0;
        -:   14:}
        -:   15:
function newGame called 0 returned 0% blocks executed 0%
    #####:   16:struct gameState* newGame() {
    #####:   17:    struct gameState* g = malloc(sizeof(struct gameState));
    #####:   18:    return g;
        -:   19:}
        -:   20:
function kingdomCards called 0 returned 0% blocks executed 0%
    #####:   21:int* kingdomCards(int k1, int k2, int k3, int k4, int k5, int k6, int k7,
        -:   22:                  int k8, int k9, int k10) {
    #####:   23:    int* k = malloc(10 * sizeof(int));
    #####:   24:    k[0] = k1;
    #####:   25:    k[1] = k2;
    #####:   26:    k[2] = k3;
    #####:   27:    k[3] = k4;
    #####:   28:    k[4] = k5;
    #####:   29:    k[5] = k6;
    #####:   30:    k[6] = k7;
    #####:   31:    k[7] = k8;
    #####:   32:    k[8] = k9;
    #####:   33:    k[9] = k10;
    #####:   34:    return k;
        -:   35:}
        -:   36:
function initializeGame called 1000 returned 100% blocks executed 94%
     1000:   37:int initializeGame(int numPlayers, int kingdomCards[10], int randomSeed,
        -:   38:                   struct gameState *state) {
        -:   39:    int i;
        -:   40:    int j;
        -:   41:    int it;
        -:   42:
        -:   43:    //set up random number generator
     1000:   44:    SelectStream(1);
call    0 returned 100%
     1000:   45:    PutSeed((long)randomSeed);
call    0 returned 100%
        -:   46:
        -:   47:    //check number of players
     1000:   48:    if (numPlayers > MAX_PLAYERS || numPlayers < 2)
branch  0 taken 100% (fallthrough)
branch  1 taken 0%
branch  2 taken 0% (fallthrough)
branch  3 taken 100%
        -:   49:    {
    #####:   50:        return -1;
        -:   51:    }
        -:   52:
        -:   53:    //set number of players
     1000:   54:    state->numPlayers = numPlayers;
        -:   55:
        -:   56:    //check selected kingdom cards are different
    11000:   57:    for (i = 0; i < 10; i++)
branch  0 taken 91%
branch  1 taken 9% (fallthrough)
        -:   58:    {
   110000:   59:        for (j = 0; j < 10; j++)
branch  0 taken 91%
branch  1 taken 9% (fallthrough)
        -:   60:        {
   100000:   61:            if (j != i && kingdomCards[j] == kingdomCards[i])
branch  0 taken 90% (fallthrough)
branch  1 taken 10%
branch  2 taken 0% (fallthrough)
branch  3 taken 100%
        -:   62:            {
    #####:   63:                return -1;
        -:   64:            }
        -:   65:        }
        -:   66:    }
        -:   67:
        -:   68:
        -:   69:    //initialize supply
        -:   70:    ///////////////////////////////
        -:   71:
        -:   72:    //set number of Curse cards
     1000:   73:    if (numPlayers == 2)
branch  0 taken 49% (fallthrough)
branch  1 taken 51%
        -:   74:    {
      493:   75:        state->supplyCount[curse] = 0;
        -:   76:    }
      507:   77:    else if (numPlayers == 3)
branch  0 taken 100% (fallthrough)
branch  1 taken 0%
        -:   78:    {
      507:   79:        state->supplyCount[curse] = 20;
        -:   80:    }
        -:   81:    else
        -:   82:    {
    #####:   83:        state->supplyCount[curse] = 30;
        -:   84:    }
        -:   85:
        -:   86:    //set number of Victory cards
     1000:   87:    if (numPlayers == 2)
branch  0 taken 49% (fallthrough)
branch  1 taken 51%
        -:   88:    {
      493:   89:        state->supplyCount[estate] = 8;
      493:   90:        state->supplyCount[duchy] = 8;
      493:   91:        state->supplyCount[province] = 8;
        -:   92:    }
        -:   93:    else
        -:   94:    {
      507:   95:        state->supplyCount[estate] = 12;
      507:   96:        state->supplyCount[duchy] = 12;
      507:   97:        state->supplyCount[province] = 12;
        -:   98:    }
        -:   99:
        -:  100:    //set number of Treasure cards
     1000:  101:    state->supplyCount[copper] = 60 - (7 * numPlayers);
     1000:  102:    state->supplyCount[silver] = 40;
     1000:  103:    state->supplyCount[gold] = 30;
        -:  104:
        -:  105:    //set number of Kingdom cards
    21000:  106:    for (i = adventurer; i <= treasure_map; i++)           //loop all cards
branch  0 taken 95%
branch  1 taken 5% (fallthrough)
        -:  107:    {
   165000:  108:        for (j = 0; j < 10; j++)                   //loop chosen cards
branch  0 taken 94%
branch  1 taken 6% (fallthrough)
        -:  109:        {
   155000:  110:            if (kingdomCards[j] == i)
branch  0 taken 6% (fallthrough)
branch  1 taken 94%
        -:  111:            {
        -:  112:                //check if card is a 'Victory' Kingdom card
    10000:  113:                if (kingdomCards[j] == great_hall || kingdomCards[j] == gardens)
branch  0 taken 90% (fallthrough)
branch  1 taken 10%
branch  2 taken 11% (fallthrough)
branch  3 taken 89%
        -:  114:                {
     4000:  115:                    if (numPlayers == 2) {
branch  0 taken 49% (fallthrough)
branch  1 taken 51%
      986:  116:                        state->supplyCount[i] = 8;
        -:  117:                    }
        -:  118:                    else {
     1014:  119:                        state->supplyCount[i] = 12;
        -:  120:                    }
        -:  121:                }
        -:  122:                else
        -:  123:                {
     8000:  124:                    state->supplyCount[i] = 10;
        -:  125:                }
    10000:  126:                break;
        -:  127:            }
        -:  128:            else    //card is not in the set choosen for the game
        -:  129:            {
   145000:  130:                state->supplyCount[i] = -1;
        -:  131:            }
        -:  132:        }
        -:  133:
        -:  134:    }
        -:  135:
        -:  136:    ////////////////////////
        -:  137:    //supply intilization complete
        -:  138:
        -:  139:    //set player decks
     3507:  140:    for (i = 0; i < numPlayers; i++)
branch  0 taken 71%
branch  1 taken 29% (fallthrough)
        -:  141:    {
     2507:  142:        state->deckCount[i] = 0;
    10028:  143:        for (j = 0; j < 3; j++)
branch  0 taken 75%
branch  1 taken 25% (fallthrough)
        -:  144:        {
     7521:  145:            state->deck[i][j] = estate;
     7521:  146:            state->deckCount[i]++;
        -:  147:        }
    20056:  148:        for (j = 3; j < 10; j++)
branch  0 taken 88%
branch  1 taken 13% (fallthrough)
        -:  149:        {
    17549:  150:            state->deck[i][j] = copper;
    17549:  151:            state->deckCount[i]++;
        -:  152:        }
        -:  153:    }
        -:  154:
        -:  155:    //shuffle player decks
     3507:  156:    for (i = 0; i < numPlayers; i++)
branch  0 taken 71%
branch  1 taken 29% (fallthrough)
        -:  157:    {
     2507:  158:        if ( shuffle(i, state) < 0 )
call    0 returned 100%
branch  1 taken 0% (fallthrough)
branch  2 taken 100%
        -:  159:        {
    #####:  160:            return -1;
        -:  161:        }
        -:  162:    }
        -:  163:
        -:  164:    //draw player hands
     3507:  165:    for (i = 0; i < numPlayers; i++)
branch  0 taken 71%
branch  1 taken 29% (fallthrough)
        -:  166:    {
        -:  167:        //initialize hand size to zero
     2507:  168:        state->handCount[i] = 0;
     2507:  169:        state->discardCount[i] = 0;
        -:  170:        //draw 5 cards
        -:  171:        // for (j = 0; j < 5; j++)
        -:  172:        //    {
        -:  173:        //      drawCard(i, state);
        -:  174:        //    }
        -:  175:    }
        -:  176:
        -:  177:    //set embargo tokens to 0 for all supply piles
    28000:  178:    for (i = 0; i <= treasure_map; i++)
branch  0 taken 96%
branch  1 taken 4% (fallthrough)
        -:  179:    {
    27000:  180:        state->embargoTokens[i] = 0;
        -:  181:    }
        -:  182:
        -:  183:    //initialize first player's turn
     1000:  184:    state->outpostPlayed = 0;
     1000:  185:    state->phase = 0;
     1000:  186:    state->numActions = 1;
     1000:  187:    state->numBuys = 1;
     1000:  188:    state->playedCardCount = 0;
     1000:  189:    state->whoseTurn = 0;
     1000:  190:    state->handCount[state->whoseTurn] = 0;
        -:  191:    //int it; move to top
        -:  192:
        -:  193:    //Moved draw cards to here, only drawing at the start of a turn
     6000:  194:    for (it = 0; it < 5; it++) {
branch  0 taken 83%
branch  1 taken 17% (fallthrough)
     5000:  195:        drawCard(state->whoseTurn, state);
call    0 returned 100%
        -:  196:    }
        -:  197:
     1000:  198:    updateCoins(state->whoseTurn, state, 0);
call    0 returned 100%
        -:  199:
     1000:  200:    return 0;
        -:  201:}
        -:  202:
function shuffle called 2507 returned 100% blocks executed 94%
     2507:  203:int shuffle(int player, struct gameState *state) {
        -:  204:
        -:  205:
        -:  206:    int newDeck[MAX_DECK];
     2507:  207:    int newDeckPos = 0;
        -:  208:    int card;
        -:  209:    int i;
        -:  210:
     2507:  211:    if (state->deckCount[player] < 1)
branch  0 taken 0% (fallthrough)
branch  1 taken 100%
    #####:  212:        return -1;
     2507:  213:    qsort ((void*)(state->deck[player]), state->deckCount[player], sizeof(int), compare);
call    0 returned 100%
        -:  214:    /* SORT CARDS IN DECK TO ENSURE DETERMINISM! */
        -:  215:
    30084:  216:    while (state->deckCount[player] > 0) {
branch  0 taken 91%
branch  1 taken 9% (fallthrough)
    25070:  217:        card = floor(Random() * state->deckCount[player]);
call    0 returned 100%
    25070:  218:        newDeck[newDeckPos] = state->deck[player][card];
    25070:  219:        newDeckPos++;
    86129:  220:        for (i = card; i < state->deckCount[player]-1; i++) {
branch  0 taken 71%
branch  1 taken 29% (fallthrough)
    61059:  221:            state->deck[player][i] = state->deck[player][i+1];
        -:  222:        }
    25070:  223:        state->deckCount[player]--;
        -:  224:    }
    27577:  225:    for (i = 0; i < newDeckPos; i++) {
branch  0 taken 91%
branch  1 taken 9% (fallthrough)
    25070:  226:        state->deck[player][i] = newDeck[i];
    25070:  227:        state->deckCount[player]++;
        -:  228:    }
        -:  229:
     2507:  230:    return 0;
        -:  231:}
        -:  232:
function playCard called 0 returned 0% blocks executed 0%
    #####:  233:int playCard(int handPos, int choice1, int choice2, int choice3, struct gameState *state)
        -:  234:{
        -:  235:    int card;
    #####:  236:    int coin_bonus = 0;         //tracks coins gain from actions
        -:  237:
        -:  238:    //check if it is the right phase
    #####:  239:    if (state->phase != 0)
branch  0 never executed
branch  1 never executed
        -:  240:    {
    #####:  241:        return -1;
        -:  242:    }
        -:  243:
        -:  244:    //check if player has enough actions
    #####:  245:    if ( state->numActions < 1 )
branch  0 never executed
branch  1 never executed
        -:  246:    {
    #####:  247:        return -1;
        -:  248:    }
        -:  249:
        -:  250:    //get card played
    #####:  251:    card = handCard(handPos, state);
call    0 never executed
        -:  252:
        -:  253:    //check if selected card is an action
    #####:  254:    if ( card < adventurer || card > treasure_map )
branch  0 never executed
branch  1 never executed
branch  2 never executed
branch  3 never executed
        -:  255:    {
    #####:  256:        return -1;
        -:  257:    }
        -:  258:
        -:  259:    //play card
    #####:  260:    if ( cardEffect(card, choice1, choice2, choice3, state, handPos, &coin_bonus) < 0 )
call    0 never executed
branch  1 never executed
branch  2 never executed
        -:  261:    {
    #####:  262:        return -1;
        -:  263:    }
        -:  264:
        -:  265:    //reduce number of actions
    #####:  266:    state->numActions--;
        -:  267:
        -:  268:    //update coins (Treasure cards may be added with card draws)
    #####:  269:    updateCoins(state->whoseTurn, state, coin_bonus);
call    0 never executed
        -:  270:
    #####:  271:    return 0;
        -:  272:}
        -:  273:
function buyCard called 0 returned 0% blocks executed 0%
    #####:  274:int buyCard(int supplyPos, struct gameState *state) {
        -:  275:    int who;
        -:  276:    if (DEBUG) {
        -:  277:        printf("Entering buyCard...\n");
        -:  278:    }
        -:  279:
        -:  280:    // I don't know what to do about the phase thing.
        -:  281:
    #####:  282:    who = state->whoseTurn;
        -:  283:
    #####:  284:    if (state->numBuys < 1) {
branch  0 never executed
branch  1 never executed
        -:  285:        if (DEBUG)
        -:  286:            printf("You do not have any buys left\n");
    #####:  287:        return -1;
    #####:  288:    } else if (supplyCount(supplyPos, state) <1) {
call    0 never executed
branch  1 never executed
branch  2 never executed
        -:  289:        if (DEBUG)
        -:  290:            printf("There are not any of that type of card left\n");
    #####:  291:        return -1;
    #####:  292:    } else if (state->coins < getCost(supplyPos)) {
call    0 never executed
branch  1 never executed
branch  2 never executed
        -:  293:        if (DEBUG)
        -:  294:            printf("You do not have enough money to buy that. You have %d coins.\n", state->coins);
    #####:  295:        return -1;
        -:  296:    } else {
    #####:  297:        state->phase=1;
        -:  298:        //state->supplyCount[supplyPos]--;
    #####:  299:        gainCard(supplyPos, state, 0, who); //card goes in discard, this might be wrong.. (2 means goes into hand, 0 goes into discard)
call    0 never executed
        -:  300:
    #####:  301:        state->coins = (state->coins) - (getCost(supplyPos));
call    0 never executed
    #####:  302:        state->numBuys--;
        -:  303:        if (DEBUG)
        -:  304:            printf("You bought card number %d for %d coins. You now have %d buys and %d coins.\n", supplyPos, getCost(supplyPos), state->numBuys, state->coins);
        -:  305:    }
        -:  306:
        -:  307:    //state->discard[who][state->discardCount[who]] = supplyPos;
        -:  308:    //state->discardCount[who]++;
        -:  309:
    #####:  310:    return 0;
        -:  311:}
        -:  312:
function numHandCards called 6000 returned 100% blocks executed 100%
     6000:  313:int numHandCards(struct gameState *state) {
     6000:  314:    return state->handCount[ whoseTurn(state) ];
call    0 returned 100%
        -:  315:}
        -:  316:
function handCard called 0 returned 0% blocks executed 0%
    #####:  317:int handCard(int handPos, struct gameState *state) {
    #####:  318:    int currentPlayer = whoseTurn(state);
call    0 never executed
    #####:  319:    return state->hand[currentPlayer][handPos];
        -:  320:}
        -:  321:
function supplyCount called 2903 returned 100% blocks executed 100%
     2903:  322:int supplyCount(int card, struct gameState *state) {
     2903:  323:    return state->supplyCount[card];
        -:  324:}
        -:  325:
function fullDeckCount called 0 returned 0% blocks executed 0%
    #####:  326:int fullDeckCount(int player, int card, struct gameState *state) {
        -:  327:    int i;
    #####:  328:    int count = 0;
        -:  329:
    #####:  330:    for (i = 0; i < state->deckCount[player]; i++)
branch  0 never executed
branch  1 never executed
        -:  331:    {
    #####:  332:        if (state->deck[player][i] == card) count++;
branch  0 never executed
branch  1 never executed
        -:  333:    }
        -:  334:
    #####:  335:    for (i = 0; i < state->handCount[player]; i++)
branch  0 never executed
branch  1 never executed
        -:  336:    {
    #####:  337:        if (state->hand[player][i] == card) count++;
branch  0 never executed
branch  1 never executed
        -:  338:    }
        -:  339:
    #####:  340:    for (i = 0; i < state->discardCount[player]; i++)
branch  0 never executed
branch  1 never executed
        -:  341:    {
    #####:  342:        if (state->discard[player][i] == card) count++;
branch  0 never executed
branch  1 never executed
        -:  343:    }
        -:  344:
    #####:  345:    return count;
        -:  346:}
        -:  347:
function whoseTurn called 9000 returned 100% blocks executed 100%
     9000:  348:int whoseTurn(struct gameState *state) {
     9000:  349:    return state->whoseTurn;
        -:  350:}
        -:  351:
function endTurn called 0 returned 0% blocks executed 0%
    #####:  352:int endTurn(struct gameState *state) {
        -:  353:    int k;
        -:  354:    int i;
    #####:  355:    int currentPlayer = whoseTurn(state);
call    0 never executed
        -:  356:
        -:  357:    //Discard hand
    #####:  358:    for (i = 0; i < state->handCount[currentPlayer]; i++) {
branch  0 never executed
branch  1 never executed
    #####:  359:        state->discard[currentPlayer][state->discardCount[currentPlayer]++] = state->hand[currentPlayer][i];//Discard
    #####:  360:        state->hand[currentPlayer][i] = -1;//Set card to -1
        -:  361:    }
    #####:  362:    state->handCount[currentPlayer] = 0;//Reset hand count
        -:  363:
        -:  364:    //Code for determining the player
    #####:  365:    if (currentPlayer < (state->numPlayers - 1)) {
branch  0 never executed
branch  1 never executed
    #####:  366:        state->whoseTurn = currentPlayer + 1;//Still safe to increment
        -:  367:    }
        -:  368:    else {
    #####:  369:        state->whoseTurn = 0;//Max player has been reached, loop back around to player 1
        -:  370:    }
        -:  371:
    #####:  372:    state->outpostPlayed = 0;
    #####:  373:    state->phase = 0;
    #####:  374:    state->numActions = 1;
    #####:  375:    state->coins = 0;
    #####:  376:    state->numBuys = 1;
    #####:  377:    state->playedCardCount = 0;
    #####:  378:    state->handCount[state->whoseTurn] = 0;
        -:  379:
        -:  380:    //int k; move to top
        -:  381:    //Next player draws hand
    #####:  382:    for (k = 0; k < 5; k++) {
branch  0 never executed
branch  1 never executed
    #####:  383:        drawCard(state->whoseTurn, state);//Draw a card
call    0 never executed
        -:  384:    }
        -:  385:
        -:  386:    //Update money
    #####:  387:    updateCoins(state->whoseTurn, state, 0);
call    0 never executed
        -:  388:
    #####:  389:    return 0;
        -:  390:}
        -:  391:
function isGameOver called 0 returned 0% blocks executed 0%
    #####:  392:int isGameOver(struct gameState *state) {
        -:  393:    int i;
        -:  394:    int j;
        -:  395:
        -:  396:    //if stack of Province cards is empty, the game ends
    #####:  397:    if (state->supplyCount[province] == 0)
branch  0 never executed
branch  1 never executed
        -:  398:    {
    #####:  399:        return 1;
        -:  400:    }
        -:  401:
        -:  402:    //if three supply pile are at 0, the game ends
    #####:  403:    j = 0;
    #####:  404:    for (i = 0; i < 25; i++)
branch  0 never executed
branch  1 never executed
        -:  405:    {
    #####:  406:        if (state->supplyCount[i] == 0)
branch  0 never executed
branch  1 never executed
        -:  407:        {
    #####:  408:            j++;
        -:  409:        }
        -:  410:    }
    #####:  411:    if ( j >= 3)
branch  0 never executed
branch  1 never executed
        -:  412:    {
    #####:  413:        return 1;
        -:  414:    }
        -:  415:
    #####:  416:    return 0;
        -:  417:}
        -:  418:
function scoreFor called 0 returned 0% blocks executed 0%
    #####:  419:int scoreFor (int player, struct gameState *state) {
        -:  420:
        -:  421:    int i;
    #####:  422:    int score = 0;
        -:  423:    //score from hand
    #####:  424:    for (i = 0; i < state->handCount[player]; i++)
branch  0 never executed
branch  1 never executed
        -:  425:    {
    #####:  426:        if (state->hand[player][i] == curse) {
branch  0 never executed
branch  1 never executed
    #####:  427:            score = score - 1;
        -:  428:        };
    #####:  429:        if (state->hand[player][i] == estate) {
branch  0 never executed
branch  1 never executed
    #####:  430:            score = score + 1;
        -:  431:        };
    #####:  432:        if (state->hand[player][i] == duchy) {
branch  0 never executed
branch  1 never executed
    #####:  433:            score = score + 3;
        -:  434:        };
    #####:  435:        if (state->hand[player][i] == province) {
branch  0 never executed
branch  1 never executed
    #####:  436:            score = score + 6;
        -:  437:        };
    #####:  438:        if (state->hand[player][i] == great_hall) {
branch  0 never executed
branch  1 never executed
    #####:  439:            score = score + 1;
        -:  440:        };
    #####:  441:        if (state->hand[player][i] == gardens) {
branch  0 never executed
branch  1 never executed
    #####:  442:            score = score + ( fullDeckCount(player, 0, state) / 10 );
call    0 never executed
        -:  443:        };
        -:  444:    }
        -:  445:
        -:  446:    //score from discard
    #####:  447:    for (i = 0; i < state->discardCount[player]; i++)
branch  0 never executed
branch  1 never executed
        -:  448:    {
    #####:  449:        if (state->discard[player][i] == curse) {
branch  0 never executed
branch  1 never executed
    #####:  450:            score = score - 1;
        -:  451:        };
    #####:  452:        if (state->discard[player][i] == estate) {
branch  0 never executed
branch  1 never executed
    #####:  453:            score = score + 1;
        -:  454:        };
    #####:  455:        if (state->discard[player][i] == duchy) {
branch  0 never executed
branch  1 never executed
    #####:  456:            score = score + 3;
        -:  457:        };
    #####:  458:        if (state->discard[player][i] == province) {
branch  0 never executed
branch  1 never executed
    #####:  459:            score = score + 6;
        -:  460:        };
    #####:  461:        if (state->discard[player][i] == great_hall) {
branch  0 never executed
branch  1 never executed
    #####:  462:            score = score + 1;
        -:  463:        };
    #####:  464:        if (state->discard[player][i] == gardens) {
branch  0 never executed
branch  1 never executed
    #####:  465:            score = score + ( fullDeckCount(player, 0, state) / 10 );
call    0 never executed
        -:  466:        };
        -:  467:    }
        -:  468:
        -:  469:    //score from deck
    #####:  470:    for (i = 0; i < state->discardCount[player]; i++)
branch  0 never executed
branch  1 never executed
        -:  471:    {
    #####:  472:        if (state->deck[player][i] == curse) {
branch  0 never executed
branch  1 never executed
    #####:  473:            score = score - 1;
        -:  474:        };
    #####:  475:        if (state->deck[player][i] == estate) {
branch  0 never executed
branch  1 never executed
    #####:  476:            score = score + 1;
        -:  477:        };
    #####:  478:        if (state->deck[player][i] == duchy) {
branch  0 never executed
branch  1 never executed
    #####:  479:            score = score + 3;
        -:  480:        };
    #####:  481:        if (state->deck[player][i] == province) {
branch  0 never executed
branch  1 never executed
    #####:  482:            score = score + 6;
        -:  483:        };
    #####:  484:        if (state->deck[player][i] == great_hall) {
branch  0 never executed
branch  1 never executed
    #####:  485:            score = score + 1;
        -:  486:        };
    #####:  487:        if (state->deck[player][i] == gardens) {
branch  0 never executed
branch  1 never executed
    #####:  488:            score = score + ( fullDeckCount(player, 0, state) / 10 );
call    0 never executed
        -:  489:        };
        -:  490:    }
        -:  491:
    #####:  492:    return score;
        -:  493:}
        -:  494:
function getWinners called 0 returned 0% blocks executed 0%
    #####:  495:int getWinners(int players[MAX_PLAYERS], struct gameState *state) {
        -:  496:    int i;
        -:  497:    int j;
        -:  498:    int highScore;
        -:  499:    int currentPlayer;
        -:  500:
        -:  501:    //get score for each player
    #####:  502:    for (i = 0; i < MAX_PLAYERS; i++)
branch  0 never executed
branch  1 never executed
        -:  503:    {
        -:  504:        //set unused player scores to -9999
    #####:  505:        if (i >= state->numPlayers)
branch  0 never executed
branch  1 never executed
        -:  506:        {
    #####:  507:            players[i] = -9999;
        -:  508:        }
        -:  509:        else
        -:  510:        {
    #####:  511:            players[i] = scoreFor (i, state);
call    0 never executed
        -:  512:        }
        -:  513:    }
        -:  514:
        -:  515:    //find highest score
    #####:  516:    j = 0;
    #####:  517:    for (i = 0; i < MAX_PLAYERS; i++)
branch  0 never executed
branch  1 never executed
        -:  518:    {
    #####:  519:        if (players[i] > players[j])
branch  0 never executed
branch  1 never executed
        -:  520:        {
    #####:  521:            j = i;
        -:  522:        }
        -:  523:    }
    #####:  524:    highScore = players[j];
        -:  525:
        -:  526:    //add 1 to players who had less turns
    #####:  527:    currentPlayer = whoseTurn(state);
call    0 never executed
    #####:  528:    for (i = 0; i < MAX_PLAYERS; i++)
branch  0 never executed
branch  1 never executed
        -:  529:    {
    #####:  530:        if ( players[i] == highScore && i > currentPlayer )
branch  0 never executed
branch  1 never executed
branch  2 never executed
branch  3 never executed
        -:  531:        {
    #####:  532:            players[i]++;
        -:  533:        }
        -:  534:    }
        -:  535:
        -:  536:    //find new highest score
    #####:  537:    j = 0;
    #####:  538:    for (i = 0; i < MAX_PLAYERS; i++)
branch  0 never executed
branch  1 never executed
        -:  539:    {
    #####:  540:        if ( players[i] > players[j] )
branch  0 never executed
branch  1 never executed
        -:  541:        {
    #####:  542:            j = i;
        -:  543:        }
        -:  544:    }
    #####:  545:    highScore = players[j];
        -:  546:
        -:  547:    //set winners in array to 1 and rest to 0
    #####:  548:    for (i = 0; i < MAX_PLAYERS; i++)
branch  0 never executed
branch  1 never executed
        -:  549:    {
    #####:  550:        if ( players[i] == highScore )
branch  0 never executed
branch  1 never executed
        -:  551:        {
    #####:  552:            players[i] = 1;
        -:  553:        }
        -:  554:        else
        -:  555:        {
    #####:  556:            players[i] = 0;
        -:  557:        }
        -:  558:    }
        -:  559:
    #####:  560:    return 0;
        -:  561:}
        -:  562:
function drawCard called 6114 returned 100% blocks executed 38%
     6114:  563:int drawCard(int player, struct gameState *state)
        -:  564:{   int count;
        -:  565:    int deckCounter;
     6114:  566:    if (state->deckCount[player] <= 0) { //Deck is empty
branch  0 taken 0% (fallthrough)
branch  1 taken 100%
        -:  567:
        -:  568:        //Step 1 Shuffle the discard pile back into a deck
        -:  569:        int i;
        -:  570:        //Move discard to deck
    #####:  571:        for (i = 0; i < state->discardCount[player]; i++) {
branch  0 never executed
branch  1 never executed
    #####:  572:            state->deck[player][i] = state->discard[player][i];
    #####:  573:            state->discard[player][i] = -1;
        -:  574:        }
        -:  575:
    #####:  576:        state->deckCount[player] = state->discardCount[player];
    #####:  577:        state->discardCount[player] = 0;//Reset discard
        -:  578:
        -:  579:        //Shufffle the deck
    #####:  580:        shuffle(player, state);//Shuffle the deck up and make it so that we can draw
call    0 never executed
        -:  581:
        -:  582:        if (DEBUG) { //Debug statements
        -:  583:            printf("Deck count now: %d\n", state->deckCount[player]);
        -:  584:        }
        -:  585:
    #####:  586:        state->discardCount[player] = 0;
        -:  587:
        -:  588:        //Step 2 Draw Card
    #####:  589:        count = state->handCount[player];//Get current player's hand count
        -:  590:
        -:  591:        if (DEBUG) { //Debug statements
        -:  592:            printf("Current hand count: %d\n", count);
        -:  593:        }
        -:  594:
    #####:  595:        deckCounter = state->deckCount[player];//Create a holder for the deck count
        -:  596:
    #####:  597:        if (deckCounter == 0)
branch  0 never executed
branch  1 never executed
    #####:  598:            return -1;
        -:  599:
    #####:  600:        state->hand[player][count] = state->deck[player][deckCounter - 1];//Add card to hand
    #####:  601:        state->deckCount[player]--;
    #####:  602:        state->handCount[player]++;//Increment hand count
        -:  603:    }
        -:  604:
        -:  605:    else {
     6114:  606:        int count = state->handCount[player];//Get current hand count for player
        -:  607:        int deckCounter;
        -:  608:        if (DEBUG) { //Debug statements
        -:  609:            printf("Current hand count: %d\n", count);
        -:  610:        }
        -:  611:
     6114:  612:        deckCounter = state->deckCount[player];//Create holder for the deck count
     6114:  613:        state->hand[player][count] = state->deck[player][deckCounter - 1];//Add card to the hand
     6114:  614:        state->deckCount[player]--;
     6114:  615:        state->handCount[player]++;//Increment hand count
        -:  616:    }
        -:  617:
     6114:  618:    return 0;
        -:  619:}
        -:  620:
function getCost called 0 returned 0% blocks executed 0%
    #####:  621:int getCost(int cardNumber)
        -:  622:{
    #####:  623:    switch( cardNumber )
branch  0 never executed
branch  1 never executed
branch  2 never executed
branch  3 never executed
branch  4 never executed
branch  5 never executed
branch  6 never executed
branch  7 never executed
branch  8 never executed
branch  9 never executed
branch 10 never executed
branch 11 never executed
branch 12 never executed
branch 13 never executed
branch 14 never executed
branch 15 never executed
branch 16 never executed
branch 17 never executed
branch 18 never executed
branch 19 never executed
branch 20 never executed
branch 21 never executed
branch 22 never executed
branch 23 never executed
branch 24 never executed
branch 25 never executed
branch 26 never executed
branch 27 never executed
        -:  624:    {
        -:  625:        case curse:
    #####:  626:            return 0;
        -:  627:        case estate:
    #####:  628:            return 2;
        -:  629:        case duchy:
    #####:  630:            return 5;
        -:  631:        case province:
    #####:  632:            return 8;
        -:  633:        case copper:
    #####:  634:            return 0;
        -:  635:        case silver:
    #####:  636:            return 3;
        -:  637:        case gold:
    #####:  638:            return 6;
        -:  639:        case adventurer:
    #####:  640:            return 6;
        -:  641:        case council_room:
    #####:  642:            return 5;
        -:  643:        case feast:
    #####:  644:            return 4;
        -:  645:        case gardens:
    #####:  646:            return 4;
        -:  647:        case mine:
    #####:  648:            return 5;
        -:  649:        case remodel:
    #####:  650:            return 4;
        -:  651:        case smithy:
    #####:  652:            return 4;
        -:  653:        case village:
    #####:  654:            return 3;
        -:  655:        case baron:
    #####:  656:            return 4;
        -:  657:        case great_hall:
    #####:  658:            return 3;
        -:  659:        case minion:
    #####:  660:            return 5;
        -:  661:        case steward:
    #####:  662:            return 3;
        -:  663:        case tribute:
    #####:  664:            return 5;
        -:  665:        case ambassador:
    #####:  666:            return 3;
        -:  667:        case cutpurse:
    #####:  668:            return 4;
        -:  669:        case embargo:
    #####:  670:            return 2;
        -:  671:        case outpost:
    #####:  672:            return 5;
        -:  673:        case salvager:
    #####:  674:            return 4;
        -:  675:        case sea_hag:
    #####:  676:            return 4;
        -:  677:        case treasure_map:
    #####:  678:            return 4;
        -:  679:    }
        -:  680:
    #####:  681:    return -1;
        -:  682:}
        -:  683:
        -:  684:/*
        -:  685:Clarified iterator from p to handPos
        -:  686:*/
function findCardInHand called 1000 returned 100% blocks executed 78%
     1000:  687:int findCardInHand(int card, int currentPlayer, struct gameState *state){
     1000:  688:    int handPos = 0;                                                                                                  //Iterator for hand!
     1000:  689:    int card_not_found = 1;                                                                                 //Flag for discard set!
     3000:  690:    while(card_not_found) {                                                                                 //Loop until Estate card is found or no more cards
branch  0 taken 100%
branch  1 taken 0% (fallthrough)
     2000:  691:        if (state->hand[currentPlayer][handPos] == card) {                                                          //Found an estate card
branch  0 taken 0% (fallthrough)
branch  1 taken 100%
    #####:  692:            card_not_found = 0;                                                                             //Exit the loop
        -:  693:        }
        -:  694: //BUG  else if (handPos >= state->handCount[currentPlayer]). ---->> else if (handPos > state->handCount[currentPlayer])     
     2000:  695:        else if (handPos > state->handCount[currentPlayer]) {                                                             //IF current card IS NOT Estate, and loop overran deck 
branch  0 taken 50% (fallthrough)
branch  1 taken 50%
        -:  696:            if(DEBUG) {                                                                     
        -:  697:                printf("No card of this type in your hand, invalid choice\n");
        -:  698:            }
     1000:  699:            return -1;
        -:  700:        }
        -:  701:        else {
     1000:  702:            handPos++;                                                                                                //Next card
        -:  703:        }
        -:  704:    }
    #####:  705:    return handPos;
        -:  706:}
        -:  707:
        -:  708:
        -:  709:
        -:  710:
        -:  711:
function baronEffect called 0 returned 0% blocks executed 0%
    #####:  712:int baronEffect (int choice1, struct gameState *state) {
    #####:  713:    int currentPlayer = whoseTurn(state);
call    0 never executed
        -:  714:
    #####:  715:    if (choice1 > 0) { //Boolean true or going to discard an estate
branch  0 never executed
branch  1 never executed
    #####:  716:        int p = 0;//Iterator for hand!
    #####:  717:        int card_not_discarded = 1;//Flag for discard set!
    #####:  718:        while(card_not_discarded) {
branch  0 never executed
branch  1 never executed
    #####:  719:            if (state->hand[currentPlayer][p] == estate) { //Found an estate card!
branch  0 never executed
branch  1 never executed
    #####:  720:                state->coins += 4;//Add 4 coins to the amount of coins
    #####:  721:                state->discard[currentPlayer][state->discardCount[currentPlayer]] = state->hand[currentPlayer][p];
    #####:  722:                state->discardCount[currentPlayer]++;
    #####:  723:                for (; p < state->handCount[currentPlayer]; p++) {
branch  0 never executed
branch  1 never executed
    #####:  724:                    state->hand[currentPlayer][p] = state->hand[currentPlayer][p+1];
        -:  725:                }
    #####:  726:                state->hand[currentPlayer][state->handCount[currentPlayer]] = -1;
    #####:  727:                state->handCount[currentPlayer]--;
    #####:  728:                card_not_discarded = 0;//Exit the loop
        -:  729:            }
    #####:  730:            else if (p > state->handCount[currentPlayer]) {
branch  0 never executed
branch  1 never executed
        -:  731:                if(DEBUG) {
        -:  732:                    printf("No estate cards in your hand, invalid choice\n");
        -:  733:                    printf("Must gain an estate if there are any\n");
        -:  734:                }
    #####:  735:                if (supplyCount(estate, state) > 0) {
call    0 never executed
branch  1 never executed
branch  2 never executed
    #####:  736:                    gainCard(estate, state, 0, currentPlayer);
call    0 never executed
        -:  737:
    #####:  738:                    state->supplyCount[estate]--;//Decrement estates
    #####:  739:                    if (supplyCount(estate, state) == 0) {
call    0 never executed
branch  1 never executed
branch  2 never executed
    #####:  740:                        isGameOver(state);
call    0 never executed
        -:  741:                    }
        -:  742:                }
    #####:  743:                card_not_discarded = 0;//Exit the loop
        -:  744:            }
        -:  745:
        -:  746:            else {
    #####:  747:                p+=2;//Next card
        -:  748:            }
        -:  749:        }
        -:  750:    }
        -:  751:
        -:  752:    else {
    #####:  753:        if (supplyCount(estate, state) > 0) {
call    0 never executed
branch  1 never executed
branch  2 never executed
    #####:  754:            gainCard(estate, state, 0, currentPlayer);//Gain an estate
call    0 never executed
        -:  755:
        -:  756://            state->supplyCount[estate] =  state->supplyCount[estate]-1;//Decrement Estates
    #####:  757:            if (supplyCount(estate, state) == 0) {
call    0 never executed
branch  1 never executed
branch  2 never executed
    #####:  758:                isGameOver(state);
call    0 never executed
        -:  759:            }
        -:  760:        }
        -:  761:    }
    #####:  762:    return 0;
        -:  763:}
        -:  764:
function minionEffect called 0 returned 0% blocks executed 0%
    #####:  765:int minionEffect (int choice1, int choice2, struct gameState *state, int
        -:  766:handPos) {
        -:  767:    int i, j;
    #####:  768:    int currentPlayer = whoseTurn(state);
call    0 never executed
        -:  769:
        -:  770:    //+1 action
    #####:  771:    state->numActions++;
        -:  772:
        -:  773:    //discard card from hand
    #####:  774:    discardCard(handPos, currentPlayer, state, 0);
call    0 never executed
        -:  775:
    #####:  776:    if (choice2)
branch  0 never executed
branch  1 never executed
        -:  777:    {
    #####:  778:        state->coins = state->coins + 2;
        -:  779:    }
    #####:  780:    else if (choice1)
branch  0 never executed
branch  1 never executed
        -:  781:    {
        -:  782:        //discard hand, redraw 4, other players with 5+ cards discard hand and draw 4
        -:  783:        //discard hand
    #####:  784:        while(numHandCards(state) > 0)
call    0 never executed
branch  1 never executed
branch  2 never executed
        -:  785:        {
    #####:  786:            discardCard(handPos, currentPlayer, state, 0);
call    0 never executed
        -:  787:        }
        -:  788:
        -:  789:        //draw 4
    #####:  790:        for (i = 0; i < 4; i++)
branch  0 never executed
branch  1 never executed
        -:  791:        {
    #####:  792:            drawCard(currentPlayer, state);
call    0 never executed
        -:  793:        }
        -:  794:
        -:  795:        //other players discard hand and redraw if hand size > 4
    #####:  796:        for (i = 0; i < state->numPlayers; i++)
branch  0 never executed
branch  1 never executed
        -:  797:        {
    #####:  798:            if (i != currentPlayer)
branch  0 never executed
branch  1 never executed
        -:  799:            {
    #####:  800:                if ( state->handCount[i] > 4 )
branch  0 never executed
branch  1 never executed
        -:  801:                {
        -:  802:                    //discard hand
    #####:  803:                    while( state->handCount[i] > 0 )
branch  0 never executed
branch  1 never executed
        -:  804:                    {
    #####:  805:                        discardCard(handPos, i, state, 0);
call    0 never executed
        -:  806:                    }
        -:  807:
        -:  808:                    //draw 4
    #####:  809:                    for (j = 0; j < 1; j++)
branch  0 never executed
branch  1 never executed
        -:  810:                    {
    #####:  811:                        drawCard(i, state);
call    0 never executed
        -:  812:                    }
        -:  813:                }
        -:  814:            }
        -:  815:        }
        -:  816:
        -:  817:    }
    #####:  818:    return 0;
        -:  819:}
        -:  820:
function ambassadorEffect called 0 returned 0% blocks executed 0%
    #####:  821:int ambassadorEffect(int choice1, int choice2, struct gameState *state, int
        -:  822:handPos) {
        -:  823:    int i;
    #####:  824:    int j = 0;        //used to check if player has enough cards to discard
    #####:  825:    int currentPlayer = whoseTurn(state) + 1;
call    0 never executed
    #####:  826:    if (choice2 > 2 || choice2 < 0)
branch  0 never executed
branch  1 never executed
branch  2 never executed
branch  3 never executed
        -:  827:    {
    #####:  828:        return -1;
        -:  829:    }
        -:  830:
    #####:  831:    if (choice1 == handPos)
branch  0 never executed
branch  1 never executed
        -:  832:    {
    #####:  833:        return -1;
        -:  834:    }
        -:  835:
    #####:  836:    for (i = 0; i < state->handCount[currentPlayer]; i++)
branch  0 never executed
branch  1 never executed
        -:  837:    {
    #####:  838:        if (i != handPos && i == state->hand[currentPlayer][choice1] && i != choice1)
branch  0 never executed
branch  1 never executed
branch  2 never executed
branch  3 never executed
branch  4 never executed
branch  5 never executed
        -:  839:        {
    #####:  840:            j++;
        -:  841:        }
        -:  842:    }
    #####:  843:    if (j < choice2)
branch  0 never executed
branch  1 never executed
        -:  844:    {
    #####:  845:        return -1;
        -:  846:    }
        -:  847:
        -:  848:    if (DEBUG)
        -:  849:        printf("Player %d reveals card number: %d\n", currentPlayer, state->hand[currentPlayer][choice1]);
        -:  850:
        -:  851:    //increase supply count for choosen card by amount being discarded
    #####:  852:    state->supplyCount[state->hand[currentPlayer][choice1]] += choice2;
        -:  853:
        -:  854:    //each other player gains a copy of revealed card
    #####:  855:    for (i = 0; i < state->numPlayers-1; i++)
branch  0 never executed
branch  1 never executed
        -:  856:    {
    #####:  857:        if (i != currentPlayer)
branch  0 never executed
branch  1 never executed
        -:  858:        {
    #####:  859:            gainCard(state->hand[currentPlayer][choice1], state, 0, i);
call    0 never executed
        -:  860:        }
        -:  861:    }
        -:  862:
        -:  863:    //discard played card from hand
    #####:  864:    discardCard(handPos, currentPlayer, state, 0);
call    0 never executed
        -:  865:
        -:  866:    //trash copies of cards returned to supply
    #####:  867:    for (j = 0; j < choice2; j++)
branch  0 never executed
branch  1 never executed
        -:  868:    {
    #####:  869:        for (i = 0; i < state->handCount[currentPlayer]; i++)
branch  0 never executed
branch  1 never executed
        -:  870:        {
    #####:  871:            if (state->hand[currentPlayer][i] == state->hand[currentPlayer][choice1])
branch  0 never executed
branch  1 never executed
        -:  872:            {
    #####:  873:                discardCard(i, currentPlayer, state, 1);
call    0 never executed
    #####:  874:                break;
        -:  875:            }
        -:  876:        }
        -:  877:    }
        -:  878:
    #####:  879:    return 0;
        -:  880:}
        -:  881:
function tributeEffect called 1000 returned 100% blocks executed 87%
     1000:  882:int tributeEffect(struct gameState *state) {
        -:  883:    int i;
     1000:  884:    int currentPlayer = whoseTurn(state);
call    0 returned 100%
     1000:  885:    int nextPlayer = currentPlayer + 1;
     1000:  886:    int tributeRevealedCards[2] = {-1, -1};
     1000:  887:    if ((state->discardCount[nextPlayer] + state->deckCount[nextPlayer]) <= 1) {
branch  0 taken 1% (fallthrough)
branch  1 taken 99%
        7:  888:        if (state->deckCount[nextPlayer] > 0) {
branch  0 taken 57% (fallthrough)
branch  1 taken 43%
        4:  889:            tributeRevealedCards[0] = state->deck[nextPlayer][state->deckCount[nextPlayer]-1];
        4:  890:            state->discard[nextPlayer][state->discardCount[nextPlayer]-1] = tributeRevealedCards[0];
        4:  891:            state->discardCount[nextPlayer]++;
        4:  892:            state->deckCount[nextPlayer]--;
        -:  893:
        -:  894:
        -:  895:
        -:  896:        }
        3:  897:        else if (state->discardCount[nextPlayer] > 0) {
branch  0 taken 67% (fallthrough)
branch  1 taken 33%
        2:  898:            tributeRevealedCards[0] = state->discard[nextPlayer][state->discardCount[nextPlayer]-1];
        2:  899:            state->discardCount[nextPlayer]--;
        -:  900:
        -:  901:        }
        -:  902:        else {
        -:  903:            //No Card to Reveal
        -:  904:            if (DEBUG) {
        -:  905:                printf("No cards to reveal\n");
        -:  906:            }
        -:  907:        }
        -:  908:    }
        -:  909:
        -:  910:    else {
      993:  911:        if (state->deckCount[nextPlayer] == 0) {
branch  0 taken 0% (fallthrough)
branch  1 taken 100%
    #####:  912:            for (i = 0; i < state->discardCount[nextPlayer]; i++) {
branch  0 never executed
branch  1 never executed
    #####:  913:                state->deck[nextPlayer][i] = state->discard[nextPlayer][i];//Move to deck
    #####:  914:                state->deckCount[nextPlayer]++;
    #####:  915:                state->discard[nextPlayer][i] = -1;
    #####:  916:                state->discardCount[nextPlayer]--;
        -:  917:            }
        -:  918:
    #####:  919:            shuffle(nextPlayer,state);//Shuffle the deck
call    0 never executed
        -:  920:        }
      993:  921:        tributeRevealedCards[0] = state->deck[nextPlayer][state->deckCount[nextPlayer]-1];
      993:  922:        state->deck[nextPlayer][state->deckCount[nextPlayer]--] = -1;
      993:  923:        state->discard[nextPlayer][state->discardCount[nextPlayer]] = tributeRevealedCards[0];
      993:  924:        state->discardCount[nextPlayer]++;
      993:  925:        state->deckCount[nextPlayer]--;
      993:  926:        tributeRevealedCards[1] = state->deck[nextPlayer][state->deckCount[nextPlayer]-1];
      993:  927:        state->deck[nextPlayer][state->deckCount[nextPlayer]--] = -1;
        -:  928:
      993:  929:        state->discard[nextPlayer][state->discardCount[nextPlayer]] = tributeRevealedCards[1];
      993:  930:        state->discardCount[nextPlayer]++;
      993:  931:        state->deckCount[nextPlayer]--;
        -:  932:    }
        -:  933:
     1000:  934:    if (tributeRevealedCards[0] == tributeRevealedCards[1]) { //If we have a duplicate card, just drop one
branch  0 taken 55% (fallthrough)
branch  1 taken 45%
      546:  935:        state->playedCards[state->playedCardCount] = tributeRevealedCards[1];
      546:  936:        state->playedCardCount++;
      546:  937:        tributeRevealedCards[1] = -1;
        -:  938:    }
        -:  939:    char name[500];
        -:  940:    //cardNumToName(tributeRevealedCards[0], name);
        -:  941://    printf("\n\tInner Tribute card: %s", name);
        -:  942:    //cardNumToName(tributeRevealedCards[1], name);
        -:  943://    printf("\n\tInner Tribute card: %s", name);
     3000:  944:    for (i = 0; i < 2; i ++) {
branch  0 taken 67%
branch  1 taken 33% (fallthrough)
     2000:  945:        if (tributeRevealedCards[i] == copper || tributeRevealedCards[i] == silver || tributeRevealedCards[i] == gold) { //Treasure cards
branch  0 taken 54% (fallthrough)
branch  1 taken 46%
branch  2 taken 99% (fallthrough)
branch  3 taken 1%
branch  4 taken 0% (fallthrough)
branch  5 taken 100%
      923:  946:            state->coins += 2;
        -:  947:
        -:  948:        }
        -:  949:
     1077:  950:        else if (tributeRevealedCards[i] == estate || tributeRevealedCards[i] == duchy || tributeRevealedCards[i] == province || tributeRevealedCards[i] == gardens || tributeRevealedCards[i] == great_hall) { //Victory Card Found
branch  0 taken 52% (fallthrough)
branch  1 taken 48%
branch  2 taken 100% (fallthrough)
branch  3 taken 0%
branch  4 taken 100% (fallthrough)
branch  5 taken 0%
branch  6 taken 100% (fallthrough)
branch  7 taken 0%
branch  8 taken 1% (fallthrough)
branch  9 taken 99%
      522:  951:            drawCard(currentPlayer, state);
call    0 returned 100%
      522:  952:            drawCard(currentPlayer, state);
call    0 returned 100%
        -:  953:        }
        -:  954:        else { //Action Card
        -:  955://            printf("\n\tInner Action count before: %d", state->numActions);
        -:  956:
      555:  957:            state->numActions = state->numActions +2;
        -:  958://            printf("\n\tInner Action count after: %d", state->numActions);
        -:  959:        }
        -:  960:    }
        -:  961:
     1000:  962:    return 0;
        -:  963:}
        -:  964:
function mineEffect called 0 returned 0% blocks executed 0%
    #####:  965:int mineEffect(int choice1, int choice2, struct gameState *state, int handPos){
        -:  966:    int i, j;
    #####:  967:    int currentPlayer = whoseTurn(state);
call    0 never executed
        -:  968:
    #####:  969:    j = state->hand[currentPlayer][choice1];  //store card we will trash
        -:  970:
    #####:  971:    if (state->hand[currentPlayer][choice1] < copper || state->hand[currentPlayer][choice1] > gold)
branch  0 never executed
branch  1 never executed
branch  2 never executed
branch  3 never executed
        -:  972:    {
    #####:  973:        return -1;
        -:  974:    }
        -:  975:
    #####:  976:    if (choice2 > treasure_map || choice2 < curse)
branch  0 never executed
branch  1 never executed
branch  2 never executed
branch  3 never executed
        -:  977:    {
    #####:  978:        return -1;
        -:  979:    }
        -:  980:
    #####:  981:    if ( (getCost(state->hand[currentPlayer][choice1]) + 3) > getCost(choice2) )
call    0 never executed
call    1 never executed
branch  2 never executed
branch  3 never executed
        -:  982:    {
    #####:  983:        return -1;
        -:  984:    }
        -:  985:
    #####:  986:    gainCard(choice2, state, 3, currentPlayer);
call    0 never executed
        -:  987:
        -:  988:    //discard card from hand
    #####:  989:    discardCard(handPos, currentPlayer, state, 0);
call    0 never executed
        -:  990:
        -:  991:    //discard trashed card
    #####:  992:    for (i = 1; i < state->handCount[currentPlayer]; i++)
branch  0 never executed
branch  1 never executed
        -:  993:    {
    #####:  994:        if (state->hand[currentPlayer][i] == j)
branch  0 never executed
branch  1 never executed
        -:  995:        {
    #####:  996:            discardCard(i, currentPlayer, state, 0);
call    0 never executed
    #####:  997:            break;
        -:  998:        }
        -:  999:    }
        -: 1000:
    #####: 1001:    return 0;
        -: 1002:}
        -: 1003:
function cardEffect called 1000 returned 100% blocks executed 5%
     1000: 1004:int cardEffect(int card, int choice1, int choice2, int choice3, struct gameState *state, int handPos, int *bonus)
        -: 1005:{
        -: 1006:    int i;
        -: 1007:    int j;
        -: 1008:    int k;
        -: 1009:    int x;
        -: 1010:    int index;
     1000: 1011:    int currentPlayer = whoseTurn(state);
call    0 returned 100%
     1000: 1012:    int nextPlayer = currentPlayer + 1;
        -: 1013:
        -: 1014://    int tributeRevealedCards[2] = {-1, -1};
        -: 1015:    int temphand[MAX_HAND];// moved above the if statement
     1000: 1016:    int drawntreasure=0;
        -: 1017:    int cardDrawn;
     1000: 1018:    int z = 0;// this is the counter for the temp hand
     1000: 1019:    if (nextPlayer > (state->numPlayers - 1)) {
branch  0 taken 0% (fallthrough)
branch  1 taken 100%
    #####: 1020:        nextPlayer = 0;
        -: 1021:    }
        -: 1022:
        -: 1023:
        -: 1024:    //uses switch to select card and perform actions
     1000: 1025:    switch( card )
branch  0 taken 0%
branch  1 taken 0%
branch  2 taken 0%
branch  3 taken 0%
branch  4 taken 0%
branch  5 taken 0%
branch  6 taken 0%
branch  7 taken 0%
branch  8 taken 0%
branch  9 taken 0%
branch 10 taken 0%
branch 11 taken 0%
branch 12 taken 100%
branch 13 taken 0%
branch 14 taken 0%
branch 15 taken 0%
branch 16 taken 0%
branch 17 taken 0%
branch 18 taken 0%
branch 19 taken 0%
branch 20 taken 0%
        -: 1026:    {
        -: 1027:        case adventurer:
    #####: 1028:            while(drawntreasure<2) {
branch  0 never executed
branch  1 never executed
    #####: 1029:                if (state->deckCount[currentPlayer] <1) { //if the deck is empty we need to shuffle discard and add to deck
branch  0 never executed
branch  1 never executed
    #####: 1030:                    shuffle(currentPlayer, state);
call    0 never executed
        -: 1031:                }
    #####: 1032:                drawCard(currentPlayer, state);
call    0 never executed
    #####: 1033:                cardDrawn = state->hand[currentPlayer][state->handCount[currentPlayer]-1];//top card of hand is most recently drawn card.
    #####: 1034:                if (cardDrawn == copper || cardDrawn == silver || cardDrawn == gold)
branch  0 never executed
branch  1 never executed
branch  2 never executed
branch  3 never executed
branch  4 never executed
branch  5 never executed
    #####: 1035:                    drawntreasure++;
        -: 1036:                else {
    #####: 1037:                    temphand[z]=cardDrawn;
    #####: 1038:                    state->handCount[currentPlayer]--; //this should just remove the top card (the most recently drawn one).
    #####: 1039:                    z++;
        -: 1040:                }
        -: 1041:            }
    #####: 1042:            while(z-1>=0) {
branch  0 never executed
branch  1 never executed
    #####: 1043:                state->discard[currentPlayer][state->discardCount[currentPlayer]++]=temphand[z-1]; // discard all cards in play that have been drawn
    #####: 1044:                z=z-1;
        -: 1045:            }
    #####: 1046:            return 0;
        -: 1047:
        -: 1048:        case council_room:
        -: 1049:            //+4 Cards
    #####: 1050:            for (i = 0; i < 4; i++)
branch  0 never executed
branch  1 never executed
        -: 1051:            {
    #####: 1052:                drawCard(currentPlayer, state);
call    0 never executed
        -: 1053:            }
        -: 1054:
        -: 1055:            //+1 Buy
    #####: 1056:            state->numBuys++;
        -: 1057:
        -: 1058:            //Each other player draws a card
    #####: 1059:            for (i = 0; i < state->numPlayers; i++)
branch  0 never executed
branch  1 never executed
        -: 1060:            {
    #####: 1061:                if ( i != currentPlayer )
branch  0 never executed
branch  1 never executed
        -: 1062:                {
    #####: 1063:                    drawCard(i, state);
call    0 never executed
        -: 1064:                }
        -: 1065:            }
        -: 1066:
        -: 1067:            //put played card in played card pile
    #####: 1068:            discardCard(handPos, currentPlayer, state, 0);
call    0 never executed
        -: 1069:
    #####: 1070:            return 0;
        -: 1071:
        -: 1072:        case feast:
        -: 1073:            //gain card with cost up to 5
        -: 1074:            //Backup hand
    #####: 1075:            for (i = 0; i <= state->handCount[currentPlayer]; i++) {
branch  0 never executed
branch  1 never executed
    #####: 1076:                temphand[i] = state->hand[currentPlayer][i];//Backup card
    #####: 1077:                state->hand[currentPlayer][i] = -1;//Set to nothing
        -: 1078:            }
        -: 1079:            //Backup hand
        -: 1080:
        -: 1081:            //Update Coins for Buy
    #####: 1082:            updateCoins(currentPlayer, state, 5);
call    0 never executed
    #####: 1083:            x = 1;//Condition to loop on
    #####: 1084:            while( x == 1) {//Buy one card
branch  0 never executed
branch  1 never executed
    #####: 1085:                if (supplyCount(choice1, state) <= 0) {
call    0 never executed
branch  1 never executed
branch  2 never executed
        -: 1086:                    if (DEBUG)
        -: 1087:                        printf("None of that card left, sorry!\n");
        -: 1088:
        -: 1089:                    if (DEBUG) {
        -: 1090:                        printf("Cards Left: %d\n", supplyCount(choice1, state));
        -: 1091:                    }
        -: 1092:                }
    #####: 1093:                else if (state->coins < getCost(choice1)) {
call    0 never executed
branch  1 never executed
branch  2 never executed
    #####: 1094:                    printf("That card is too expensive!\n");
call    0 never executed
        -: 1095:
        -: 1096:                    if (DEBUG) {
        -: 1097:                        printf("Coins: %d < %d\n", state->coins, getCost(choice1));
        -: 1098:                    }
        -: 1099:                }
        -: 1100:                else {
        -: 1101:
        -: 1102:                    if (DEBUG) {
        -: 1103:                        printf("Deck Count: %d\n", state->handCount[currentPlayer] + state->deckCount[currentPlayer] + state->discardCount[currentPlayer]);
        -: 1104:                    }
        -: 1105:
    #####: 1106:                    gainCard(choice1, state, 0, currentPlayer);//Gain the card
call    0 never executed
    #####: 1107:                    x = 0;//No more buying cards
        -: 1108:
        -: 1109:                    if (DEBUG) {
        -: 1110:                        printf("Deck Count: %d\n", state->handCount[currentPlayer] + state->deckCount[currentPlayer] + state->discardCount[currentPlayer]);
        -: 1111:                    }
        -: 1112:
        -: 1113:                }
        -: 1114:            }
        -: 1115:
        -: 1116:            //Reset Hand
    #####: 1117:            for (i = 0; i <= state->handCount[currentPlayer]; i++) {
branch  0 never executed
branch  1 never executed
    #####: 1118:                state->hand[currentPlayer][i] = temphand[i];
    #####: 1119:                temphand[i] = -1;
        -: 1120:            }
        -: 1121:            //Reset Hand
        -: 1122:
    #####: 1123:            return 0;
        -: 1124:
        -: 1125:        case gardens:
    #####: 1126:            return -1;
        -: 1127:
        -: 1128:        case mine:
    #####: 1129:            mineEffect(choice1, choice2, state, handPos);
call    0 never executed
    #####: 1130:            return 0;
        -: 1131:
        -: 1132:        case remodel:
    #####: 1133:            j = state->hand[currentPlayer][choice1];  //store card we will trash
        -: 1134:
    #####: 1135:            if ( (getCost(state->hand[currentPlayer][choice1]) + 2) > getCost(choice2) )
call    0 never executed
call    1 never executed
branch  2 never executed
branch  3 never executed
        -: 1136:            {
    #####: 1137:                return -1;
        -: 1138:            }
        -: 1139:
    #####: 1140:            gainCard(choice2, state, 0, currentPlayer);
call    0 never executed
        -: 1141:
        -: 1142:            //discard card from hand
    #####: 1143:            discardCard(handPos, currentPlayer, state, 0);
call    0 never executed
        -: 1144:
        -: 1145:            //discard trashed card
    #####: 1146:            for (i = 0; i < state->handCount[currentPlayer]; i++)
branch  0 never executed
branch  1 never executed
        -: 1147:            {
    #####: 1148:                if (state->hand[currentPlayer][i] == j)
branch  0 never executed
branch  1 never executed
        -: 1149:                {
    #####: 1150:                    discardCard(i, currentPlayer, state, 0);
call    0 never executed
    #####: 1151:                    break;
        -: 1152:                }
        -: 1153:            }
        -: 1154:
        -: 1155:
    #####: 1156:            return 0;
        -: 1157:
        -: 1158:        case smithy:
        -: 1159:            //+3 Cards
    #####: 1160:            for (i = 0; i < 3; i++)
branch  0 never executed
branch  1 never executed
        -: 1161:            {
    #####: 1162:                drawCard(currentPlayer, state);
call    0 never executed
        -: 1163:            }
        -: 1164:
        -: 1165:            //discard card from hand
    #####: 1166:            discardCard(handPos, currentPlayer, state, 0);
call    0 never executed
    #####: 1167:            return 0;
        -: 1168:
        -: 1169:        case village:
        -: 1170:            //+1 Card
    #####: 1171:            drawCard(currentPlayer, state);
call    0 never executed
        -: 1172:
        -: 1173:            //+2 Actions
    #####: 1174:            state->numActions = state->numActions + 2;
        -: 1175:
        -: 1176:            //discard played card from hand
    #####: 1177:            discardCard(handPos, currentPlayer, state, 0);
call    0 never executed
    #####: 1178:            return 0;
        -: 1179:
        -: 1180:        case baron:
    #####: 1181:            baronEffect (choice1, state);
call    0 never executed
    #####: 1182:            return 0;
        -: 1183:
        -: 1184:        case great_hall:
        -: 1185:            //+1 Card
    #####: 1186:            drawCard(currentPlayer, state);
call    0 never executed
        -: 1187:
        -: 1188:            //+1 Actions
    #####: 1189:            state->numActions++;
        -: 1190:
        -: 1191:            //discard card from hand
    #####: 1192:            discardCard(handPos, currentPlayer, state, 0);
call    0 never executed
    #####: 1193:            return 0;
        -: 1194:
        -: 1195:        case minion:
    #####: 1196:            minionEffect(choice1, choice2, state, handPos);
call    0 never executed
    #####: 1197:            return 0;
        -: 1198:
        -: 1199:        case steward:
    #####: 1200:            if (choice1 == 1)
branch  0 never executed
branch  1 never executed
        -: 1201:            {
        -: 1202:                //+2 cards
    #####: 1203:                drawCard(currentPlayer, state);
call    0 never executed
    #####: 1204:                drawCard(currentPlayer, state);
call    0 never executed
        -: 1205:            }
    #####: 1206:            else if (choice1 == 2)
branch  0 never executed
branch  1 never executed
        -: 1207:            {
        -: 1208:                //+2 coins
    #####: 1209:                state->coins = state->coins + 2;
        -: 1210:            }
        -: 1211:            else
        -: 1212:            {
        -: 1213:                //trash 2 cards in hand
    #####: 1214:                discardCard(choice2, currentPlayer, state, 1);
call    0 never executed
    #####: 1215:                discardCard(choice3, currentPlayer, state, 1);
call    0 never executed
        -: 1216:            }
        -: 1217:
        -: 1218:            //discard card from hand
    #####: 1219:            discardCard(handPos, currentPlayer, state, 0);
call    0 never executed
    #####: 1220:            return 0;
        -: 1221:
        -: 1222:        case tribute:
     1000: 1223:            tributeEffect(state);
call    0 returned 100%
     1000: 1224:            return 0;
        -: 1225:
        -: 1226:        case ambassador:
    #####: 1227:            ambassadorEffect(choice1, choice2, state, handPos);
call    0 never executed
    #####: 1228:            return 0;
        -: 1229:
        -: 1230:        case cutpurse:
        -: 1231:
    #####: 1232:            updateCoins(currentPlayer, state, 2);
call    0 never executed
    #####: 1233:            for (i = 0; i < state->numPlayers; i++)
branch  0 never executed
branch  1 never executed
        -: 1234:            {
    #####: 1235:                if (i != currentPlayer)
branch  0 never executed
branch  1 never executed
        -: 1236:                {
    #####: 1237:                    for (j = 0; j < state->handCount[i]; j++)
branch  0 never executed
branch  1 never executed
        -: 1238:                    {
    #####: 1239:                        if (state->hand[i][j] == copper)
branch  0 never executed
branch  1 never executed
        -: 1240:                        {
    #####: 1241:                            discardCard(j, i, state, 0);
call    0 never executed
    #####: 1242:                            break;
        -: 1243:                        }
    #####: 1244:                        if (j == state->handCount[i])
branch  0 never executed
branch  1 never executed
        -: 1245:                        {
    #####: 1246:                            for (k = 0; k < state->handCount[i]; k++)
branch  0 never executed
branch  1 never executed
        -: 1247:                            {
        -: 1248:                                if (DEBUG)
        -: 1249:                                    printf("Player %d reveals card number %d\n", i, state->hand[i][k]);
        -: 1250:                            }
    #####: 1251:                            break;
        -: 1252:                        }
        -: 1253:                    }
        -: 1254:
        -: 1255:                }
        -: 1256:
        -: 1257:            }
        -: 1258:
        -: 1259:            //discard played card from hand
    #####: 1260:            discardCard(handPos, currentPlayer, state, 0);
call    0 never executed
        -: 1261:
    #####: 1262:            return 0;
        -: 1263:
        -: 1264:
        -: 1265:        case embargo:
        -: 1266:            //+2 Coins
    #####: 1267:            state->coins = state->coins + 2;
        -: 1268:
        -: 1269:            //see if selected pile is in play
    #####: 1270:            if ( state->supplyCount[choice1] == -1 )
branch  0 never executed
branch  1 never executed
        -: 1271:            {
    #####: 1272:                return -1;
        -: 1273:            }
        -: 1274:
        -: 1275:            //add embargo token to selected supply pile
    #####: 1276:            state->embargoTokens[choice1]++;
        -: 1277:
        -: 1278:            //trash card
    #####: 1279:            discardCard(handPos, currentPlayer, state, 1);
call    0 never executed
    #####: 1280:            return 0;
        -: 1281:
        -: 1282:        case outpost:
        -: 1283:            //set outpost flag
    #####: 1284:            state->outpostPlayed++;
        -: 1285:
        -: 1286:            //discard card
    #####: 1287:            discardCard(handPos, currentPlayer, state, 0);
call    0 never executed
    #####: 1288:            return 0;
        -: 1289:
        -: 1290:        case salvager:
        -: 1291:            //+1 buy
    #####: 1292:            state->numBuys++;
        -: 1293:
    #####: 1294:            if (choice1)
branch  0 never executed
branch  1 never executed
        -: 1295:            {
        -: 1296:                //gain coins equal to trashed card
    #####: 1297:                state->coins = state->coins + getCost( handCard(choice1, state) );
call    0 never executed
call    1 never executed
        -: 1298:                //trash card
    #####: 1299:                discardCard(choice1, currentPlayer, state, 1);
call    0 never executed
        -: 1300:            }
        -: 1301:
        -: 1302:            //discard card
    #####: 1303:            discardCard(handPos, currentPlayer, state, 0);
call    0 never executed
    #####: 1304:            return 0;
        -: 1305:
        -: 1306:        case sea_hag:
    #####: 1307:            for (i = 0; i < state->numPlayers; i++) {
branch  0 never executed
branch  1 never executed
    #####: 1308:                if (i != currentPlayer) {
branch  0 never executed
branch  1 never executed
    #####: 1309:                    state->discard[i][state->discardCount[i]] = state->deck[i][state->deckCount[i]--];
    #####: 1310:                    state->deckCount[i]--;
    #####: 1311:                    state->discardCount[i]++;
    #####: 1312:                    state->deck[i][state->deckCount[i]--] = curse;//Top card now a curse
        -: 1313:                }
        -: 1314:            }
    #####: 1315:            return 0;
        -: 1316:
        -: 1317:        case treasure_map:
        -: 1318:            //search hand for another treasure_map
    #####: 1319:            index = -1;
    #####: 1320:            for (i = 0; i < state->handCount[currentPlayer]; i++)
branch  0 never executed
branch  1 never executed
        -: 1321:            {
    #####: 1322:                if (state->hand[currentPlayer][i] == treasure_map && i != handPos)
branch  0 never executed
branch  1 never executed
branch  2 never executed
branch  3 never executed
        -: 1323:                {
    #####: 1324:                    index = i;
    #####: 1325:                    break;
        -: 1326:                }
        -: 1327:            }
    #####: 1328:            if (index > -1)
branch  0 never executed
branch  1 never executed
        -: 1329:            {
        -: 1330:                //trash both treasure cards
    #####: 1331:                discardCard(handPos, currentPlayer, state, 1);
call    0 never executed
    #####: 1332:                discardCard(index, currentPlayer, state, 1);
call    0 never executed
        -: 1333:
        -: 1334:                //gain 4 Gold cards
    #####: 1335:                for (i = 0; i < 4; i++)
branch  0 never executed
branch  1 never executed
        -: 1336:                {
    #####: 1337:                    gainCard(gold, state, 1, currentPlayer);
call    0 never executed
        -: 1338:                }
        -: 1339:
        -: 1340:                //return success
    #####: 1341:                return 1;
        -: 1342:            }
        -: 1343:
        -: 1344:            //no second treasure_map found in hand
    #####: 1345:            return -1;
        -: 1346:    }
        -: 1347:
    #####: 1348:    return -1;
        -: 1349:}
        -: 1350:
function discardCard called 5070 returned 100% blocks executed 89%
     5070: 1351:int discardCard(int handPos, int currentPlayer, struct gameState *state, int trashFlag)
        -: 1352:{
        -: 1353:
        -: 1354:    //if card is not trashed, added to Played pile
     5070: 1355:    if (trashFlag < 1)
branch  0 taken 100% (fallthrough)
branch  1 taken 0%
        -: 1356:    {
        -: 1357:        //add card to played pile
     5070: 1358:        state->playedCards[state->playedCardCount] = state->hand[currentPlayer][handPos];
     5070: 1359:        state->playedCardCount++;
        -: 1360:    }
        -: 1361:
        -: 1362:    //set played card to -1
     5070: 1363:    state->hand[currentPlayer][handPos] = -1;
        -: 1364:
        -: 1365:    //remove card from player's hand
     5070: 1366:    if ( handPos == (state->handCount[currentPlayer] - 1) )     //last card in hand array is played
branch  0 taken 20% (fallthrough)
branch  1 taken 80%
        -: 1367:    {
        -: 1368:        //reduce number of cards in hand
     1007: 1369:        state->handCount[currentPlayer]--;
        -: 1370:    }
     4063: 1371:    else if ( state->handCount[currentPlayer] == 1 ) //only one card in hand
branch  0 taken 0% (fallthrough)
branch  1 taken 100%
        -: 1372:    {
        -: 1373:        //reduce number of cards in hand
    #####: 1374:        state->handCount[currentPlayer]--;
        -: 1375:    }
        -: 1376:    else
        -: 1377:    {
        -: 1378:        //replace discarded card with last card in hand
     4063: 1379:        state->hand[currentPlayer][handPos] = state->hand[currentPlayer][ (state->handCount[currentPlayer] - 1)];
        -: 1380:        //set last card to -1
     4063: 1381:        state->hand[currentPlayer][state->handCount[currentPlayer] - 1] = -1;
        -: 1382:        //reduce number of cards in hand
     4063: 1383:        state->handCount[currentPlayer]--;
        -: 1384:    }
        -: 1385:
     5070: 1386:    return 0;
        -: 1387:}
        -: 1388:
function gainCard called 2903 returned 100% blocks executed 100%
     2903: 1389:int gainCard(int supplyPos, struct gameState *state, int toFlag, int player)
        -: 1390:{
        -: 1391:    //Note: supplyPos is enum of choosen card
        -: 1392:
        -: 1393:    //check if supply pile is empty (0) or card is not used in game (-1)
     2903: 1394:    if ( supplyCount(supplyPos, state) < 1 )
call    0 returned 100%
branch  1 taken 33% (fallthrough)
branch  2 taken 67%
        -: 1395:    {
      966: 1396:        return -1;
        -: 1397:    }
        -: 1398:
        -: 1399:    //added card for [whoseTurn] current player:
        -: 1400:    // toFlag = 0 : add to discard
        -: 1401:    // toFlag = 1 : add to deck
        -: 1402:    // toFlag = 2 : add to hand
        -: 1403:
     1937: 1404:    if (toFlag == 1)
branch  0 taken 1% (fallthrough)
branch  1 taken 99%
        -: 1405:    {
        4: 1406:        state->deck[ player ][ state->deckCount[player] ] = supplyPos;
        4: 1407:        state->deckCount[player]++;
        -: 1408:    }
     1933: 1409:    else if (toFlag == 2)
branch  0 taken 99% (fallthrough)
branch  1 taken 1%
        -: 1410:    {
     1931: 1411:        state->hand[ player ][ state->handCount[player] ] = supplyPos;
     1931: 1412:        state->handCount[player]++;
        -: 1413:    }
        -: 1414:    else
        -: 1415:    {
        2: 1416:        state->discard[player][ state->discardCount[player] ] = supplyPos;
        2: 1417:        state->discardCount[player]++;
        -: 1418:    }
        -: 1419:
        -: 1420:    //decrease number in supply pile
     1937: 1421:    state->supplyCount[supplyPos]--;
        -: 1422:
     1937: 1423:    return 0;
        -: 1424:}
        -: 1425:
function updateCoins called 2000 returned 100% blocks executed 82%
     2000: 1426:int updateCoins(int player, struct gameState *state, int bonus)
        -: 1427:{
        -: 1428:    int i;
        -: 1429:
        -: 1430:    //reset coin count
     2000: 1431:    state->coins = 0;
        -: 1432:
        -: 1433:    //add coins for each Treasure card in player's hand
     7000: 1434:    for (i = 0; i < state->handCount[player]; i++)
branch  0 taken 71%
branch  1 taken 29% (fallthrough)
        -: 1435:    {
     5000: 1436:        if (state->hand[player][i] == copper)
branch  0 taken 78% (fallthrough)
branch  1 taken 22%
        -: 1437:        {
     3905: 1438:            state->coins += 1;
        -: 1439:        }
     1095: 1440:        else if (state->hand[player][i] == silver)
branch  0 taken 0% (fallthrough)
branch  1 taken 100%
        -: 1441:        {
    #####: 1442:            state->coins += 2;
        -: 1443:        }
     1095: 1444:        else if (state->hand[player][i] == gold)
branch  0 taken 0% (fallthrough)
branch  1 taken 100%
        -: 1445:        {
    #####: 1446:            state->coins += 3;
        -: 1447:        }
        -: 1448:    }
        -: 1449:
        -: 1450:    //add bonus
     2000: 1451:    state->coins += bonus;
        -: 1452:
     2000: 1453:    return 0;
        -: 1454:}
        -: 1455:
        -: 1456:
        -: 1457://end of dominion.c
        -: 1458:
